<?xml version="1.0" encoding="utf-8"?>
<TestRun id="df22d7a4-0e74-4e08-a4a3-b603e39abcb5" name="@fastdev 2025-07-25 17:42:16" xmlns="http://microsoft.com/schemas/VisualStudio/TeamTest/2010">
  <Times creation="2025-07-25T17:42:16.7828735+02:00" queuing="2025-07-25T17:42:16.7828735+02:00" start="2025-07-25T17:42:16.1619912+02:00" finish="2025-07-25T17:42:16.7835852+02:00" />
  <TestSettings name="default" id="8323a195-121f-4635-a543-9828e8930cb6">
    <Deployment runDeploymentRoot="_fastdev_2025-07-25_17_42_16" />
  </TestSettings>
  <TestLists>
    <TestList name="Results Not in a List" id="8c84fa94-04c1-424b-9868-57a2d4851a1d" />
    <TestList name="All Loaded Results" id="19431567-8539-422a-85d7-44ee4e166bda" />
  </TestLists>
  <ResultSummary outcome="Completed">
    <Counters total="0" executed="0" passed="0" failed="0" error="0" timeout="0" aborted="0" inconclusive="0" passedButRunAborted="0" notRunnable="0" notExecuted="0" disconnected="0" warning="0" completed="0" inProgress="0" pending="0" />
    <Output>
      <StdOut>[xUnit.net 00:00:00.00] xUnit.net VSTest Adapter v3.0.2+dd36e86129 (64-bit .NET 8.0.17)
[xUnit.net 00:00:00.08]   Discovering: UserService.Tests
[xUnit.net 00:00:00.09]   Discovered:  UserService.Tests
</StdOut>
    </Output>
    <RunInfos>
      <RunInfo computerName="fastdev" outcome="Warning" timestamp="2025-07-25T17:42:16.6742532+02:00">
        <Text>No test is available in /home/m/development/DatingApp/user-service/src/UserService.Tests/bin/Debug/net8.0/UserService.Tests.dll. Make sure that test discoverer &amp; executors are registered and platform &amp; framework version settings are appropriate and try again.</Text>
      </RunInfo>
    </RunInfos>
  </ResultSummary>
</TestRun>